<?xml version="1.0" encoding="utf-8"?><testsuites><testsuite errors="0" failures="0" hostname="fv-az380-681" name="pytest" skipped="40" tests="267" time="11.984" timestamp="2022-07-02T10:15:52.710205"><testcase classname="tests.test_doc" name="test_doc_add_tag_function[flat_mode=False]" time="0.004" /><testcase classname="tests.test_doc" name="test_doc_add_tag_function[flat_mode=True]" time="0.001" /><testcase classname="tests.test_doc" name="test_doc_say_hello[nested]" time="0.003" /><testcase classname="tests.test_doc" name="test_doc_say_hello[flat]" time="0.004" /><testcase classname="tests.test_doc" name="test_doc_say_hello[double-flat]" time="0.003" /><testcase classname="tests.test_doc" name="test_doc_add_tag_class_and_function[flat_mode=False]" time="0.002" /><testcase classname="tests.test_doc" name="test_doc_add_tag_class_and_function[flat_mode=True]" time="0.002" /><testcase classname="tests.test_doc_advanced" name="test_doc_impl_first_tag_mandatory[uses_introspection=True-nested_mode=True]" time="0.001" /><testcase classname="tests.test_doc_advanced" name="test_doc_impl_first_tag_mandatory[uses_introspection=True-nested_mode=False]" time="0.002" /><testcase classname="tests.test_doc_advanced" name="test_doc_impl_first_tag_mandatory[uses_introspection=False-nested_mode=True]" time="0.001" /><testcase classname="tests.test_doc_advanced" name="test_doc_impl_first_tag_mandatory[uses_introspection=False-nested_mode=False]" time="0.001" /><testcase classname="tests.test_doc_advanced" name="test_doc_impl_first_tag_optional" time="0.001" /><testcase classname="tests.test_doc_advanced" name="test_doc_impl_first_say_hello" time="0.002" /><testcase classname="tests.test_doc_advanced" name="test_doc_impl_first_class_tag_mandatory[uses_introspection=True]" time="0.001" /><testcase classname="tests.test_doc_advanced" name="test_doc_impl_first_class_tag_mandatory[uses_introspection=False]" time="0.001" /><testcase classname="tests.test_doc_advanced" name="test_doc_nested_mode_tag_mandatory" time="0.001" /><testcase classname="tests.test_doc_advanced" name="test_doc_impl_first_tag_mandatory_protected[uses_introspection=True-kwonly=True]" time="0.003" /><testcase classname="tests.test_doc_advanced" name="test_doc_impl_first_tag_mandatory_protected[uses_introspection=False-kwonly=True]" time="0.001" /><testcase classname="tests.test_doc_advanced" name="test_doc_impl_first_tag_optional_nonprotected[kwonly=False]" time="0.001" /><testcase classname="tests.test_doc_advanced" name="test_doc_impl_first_tag_optional_nonprotected[kwonly=True]" time="0.001" /><testcase classname="tests.test_doc_advanced" name="test_doc_impl_first_tag_optional_protected[introspection=True-kwonly=False]" time="0.001" /><testcase classname="tests.test_doc_advanced" name="test_doc_impl_first_tag_optional_protected[introspection=True-kwonly=True]" time="0.001" /><testcase classname="tests.test_doc_advanced" name="test_doc_impl_first_tag_optional_protected[introspection=False-kwonly=False]" time="0.001" /><testcase classname="tests.test_doc_advanced" name="test_doc_impl_first_tag_optional_protected[introspection=False-kwonly=True]" time="0.001" /><testcase classname="tests.test_doc_advanced" name="test_varpos_and_decorated_before_in_flat_mode" time="0.002" /><testcase classname="tests.test_doc_advanced" name="test_kwargs" time="0.001" /><testcase classname="tests.test_doc_disambiguation" name="test_no_args[flat_mode=False]" time="0.002" /><testcase classname="tests.test_doc_disambiguation" name="test_no_args[flat_mode=True]" time="0.002" /><testcase classname="tests.test_doc_disambiguation" name="test_mandatory_kwargs[flat_mode=False]" time="0.001" /><testcase classname="tests.test_doc_disambiguation" name="test_mandatory_kwargs[flat_mode=True]" time="0.002" /><testcase classname="tests.test_doc_disambiguation" name="test_optional_kwargs[flat_mode=False]" time="0.001" /><testcase classname="tests.test_doc_disambiguation" name="test_optional_kwargs[flat_mode=True]" time="0.001" /><testcase classname="tests.test_introspection" name="test_on_functions" time="0.001" /><testcase classname="tests.test_introspection_base" name="test_introspection[call_mode=0-isclass=False]" time="0.001" /><testcase classname="tests.test_introspection_base" name="test_introspection[call_mode=0-isclass=True]" time="0.002" /><testcase classname="tests.test_introspection_base" name="test_introspection[call_mode=1-isclass=False]" time="0.001" /><testcase classname="tests.test_introspection_base" name="test_introspection[call_mode=1-isclass=True]" time="0.001" /><testcase classname="tests.test_introspection_base" name="test_introspection[call_mode=2-isclass=False]" time="0.001" /><testcase classname="tests.test_introspection_base" name="test_introspection[call_mode=2-isclass=True]" time="0.001" /><testcase classname="tests.test_issues" name="test_notnamed_flat_mode_varpositional[position=0]" time="0.001" /><testcase classname="tests.test_issues" name="test_notnamed_flat_mode_varpositional[position=1]" time="0.001" /><testcase classname="tests.test_issues" name="test_named_flat_mode_varpositional[position=0]" time="0.001" /><testcase classname="tests.test_issues" name="test_named_flat_mode_varpositional[position=1]" time="0.001" /><testcase classname="tests.test_issues" name="test_disambiguation_during_binding" time="0.001" /><testcase classname="tests.test_issues" name="test_varpositional" time="0.002" /><testcase classname="tests.test_main2" name="test_all[easy_0_args-flat_kw_only=False-@replace_by_foo]" time="0.004" /><testcase classname="tests.test_main2" name="test_all[easy_0_args-flat_kw_only=False-@replace_by_foo()]" time="0.003" /><testcase classname="tests.test_main2" name="test_all[easy_0_args-flat_kw_only=False-@replace_by_foo(goo)]" time="0.003" /><testcase classname="tests.test_main2" name="test_all[easy_0_args-flat_kw_only=False-@replace_by_foo('hello')]" time="0.003" /><testcase classname="tests.test_main2" name="test_all[easy_0_args-flat_kw_only=False-@replace_by_foo(DEFAULT_DUMMY_VALUE)]" time="0.003" /><testcase classname="tests.test_main2" name="test_all[easy_0_args-flat_kw_only=False-@replace_by_foo(replacement=goo)]" time="0.003" /><testcase classname="tests.test_main2" name="test_all[easy_0_args-flat_kw_only=False-@replace_by_foo(dummy='hello')]" time="0.003" /><testcase classname="tests.test_main2" name="test_all[easy_0_args-flat_kw_only=False-@replace_by_foo(dummy=DEFAULT_DUMMY_VALUE)]" time="0.003" /><testcase classname="tests.test_main2" name="test_all[easy_0_args-flat_kw_only=False-@replace_by_foo(goo, 'hello')]" time="0.004" /><testcase classname="tests.test_main2" name="test_all[easy_0_args-flat_kw_only=False-@replace_by_foo('hello', goo)]" time="0.003" /><testcase classname="tests.test_main2" name="test_all[easy_0_args-flat_kw_only=False-@replace_by_foo(goo, DEFAULT_DUMMY_VALUE)]" time="0.003" /><testcase classname="tests.test_main2" name="test_all[easy_0_args-flat_kw_only=False-@replace_by_foo(DEFAULT_DUMMY_VALUE, goo)]" time="0.004" /><testcase classname="tests.test_main2" name="test_all[easy_0_args-flat_kw_only=True-@replace_by_foo]" time="0.004" /><testcase classname="tests.test_main2" name="test_all[easy_0_args-flat_kw_only=True-@replace_by_foo()]" time="0.004" /><testcase classname="tests.test_main2" name="test_all[easy_0_args-flat_kw_only=True-@replace_by_foo(goo)]" time="0.004" /><testcase classname="tests.test_main2" name="test_all[easy_0_args-flat_kw_only=True-@replace_by_foo('hello')]" time="0.004" /><testcase classname="tests.test_main2" name="test_all[easy_0_args-flat_kw_only=True-@replace_by_foo(DEFAULT_DUMMY_VALUE)]" time="0.003" /><testcase classname="tests.test_main2" name="test_all[easy_0_args-flat_kw_only=True-@replace_by_foo(replacement=goo)]" time="0.004" /><testcase classname="tests.test_main2" name="test_all[easy_0_args-flat_kw_only=True-@replace_by_foo(dummy='hello')]" time="0.004" /><testcase classname="tests.test_main2" name="test_all[easy_0_args-flat_kw_only=True-@replace_by_foo(dummy=DEFAULT_DUMMY_VALUE)]" time="0.004" /><testcase classname="tests.test_main2" name="test_all[easy_0_args-flat_kw_only=True-@replace_by_foo(goo, 'hello')]" time="0.003" /><testcase classname="tests.test_main2" name="test_all[easy_0_args-flat_kw_only=True-@replace_by_foo('hello', goo)]" time="0.004" /><testcase classname="tests.test_main2" name="test_all[easy_0_args-flat_kw_only=True-@replace_by_foo(goo, DEFAULT_DUMMY_VALUE)]" time="0.004" /><testcase classname="tests.test_main2" name="test_all[easy_0_args-flat_kw_only=True-@replace_by_foo(DEFAULT_DUMMY_VALUE, goo)]" time="0.004" /><testcase classname="tests.test_main2" name="test_all[hard_varpositional-@replace_by_foo]" time="0.003" /><testcase classname="tests.test_main2" name="test_all[hard_varpositional-@replace_by_foo()]" time="0.004" /><testcase classname="tests.test_main2" name="test_all[hard_varpositional-@replace_by_foo(goo)]" time="0.004" /><testcase classname="tests.test_main2" name="test_all[hard_varpositional-@replace_by_foo('hello')]" time="0.003" /><testcase classname="tests.test_main2" name="test_all[hard_varpositional-@replace_by_foo(DEFAULT_DUMMY_VALUE)]" time="0.004" /><testcase classname="tests.test_main2" name="test_all[hard_varpositional-@replace_by_foo(replacement=goo)]" time="0.004" /><testcase classname="tests.test_main2" name="test_all[hard_varpositional-@replace_by_foo(dummy='hello')]" time="0.004" /><testcase classname="tests.test_main2" name="test_all[hard_varpositional-@replace_by_foo(dummy=DEFAULT_DUMMY_VALUE)]" time="0.004" /><testcase classname="tests.test_main2" name="test_all[hard_varpositional-@replace_by_foo(goo, 'hello')]" time="0.004" /><testcase classname="tests.test_main2" name="test_all[hard_varpositional-@replace_by_foo('hello', goo)]" time="0.003" /><testcase classname="tests.test_main2" name="test_all[hard_varpositional-@replace_by_foo(goo, DEFAULT_DUMMY_VALUE)]" time="0.003" /><testcase classname="tests.test_main2" name="test_all[hard_varpositional-@replace_by_foo(DEFAULT_DUMMY_VALUE, goo)]" time="0.004" /><testcase classname="tests.test_main2" name="test_all[hard_1_m_0_opt_noncallable-protection=default-@replace_by_foo]" time="0.004" /><testcase classname="tests.test_main2" name="test_all[hard_1_m_0_opt_noncallable-protection=default-@replace_by_foo()]" time="0.003" /><testcase classname="tests.test_main2" name="test_all[hard_1_m_0_opt_noncallable-protection=default-@replace_by_foo(goo)]" time="0.003" /><testcase classname="tests.test_main2" name="test_all[hard_1_m_0_opt_noncallable-protection=default-@replace_by_foo('hello')]" time="0.003" /><testcase classname="tests.test_main2" name="test_all[hard_1_m_0_opt_noncallable-protection=default-@replace_by_foo(DEFAULT_DUMMY_VALUE)]" time="0.003" /><testcase classname="tests.test_main2" name="test_all[hard_1_m_0_opt_noncallable-protection=default-@replace_by_foo(replacement=goo)]" time="0.004"><skipped message="decorator impl does not have a 'replacement' arg" type="pytest.skip">/home/runner/work/python-decopatch/python-decopatch/tests/test_main2.py:437: decorator impl does not have a 'replacement' arg</skipped></testcase><testcase classname="tests.test_main2" name="test_all[hard_1_m_0_opt_noncallable-protection=default-@replace_by_foo(dummy='hello')]" time="0.003" /><testcase classname="tests.test_main2" name="test_all[hard_1_m_0_opt_noncallable-protection=default-@replace_by_foo(dummy=DEFAULT_DUMMY_VALUE)]" time="0.003" /><testcase classname="tests.test_main2" name="test_all[hard_1_m_0_opt_noncallable-protection=default-@replace_by_foo(goo, 'hello')]" time="0.004" /><testcase classname="tests.test_main2" name="test_all[hard_1_m_0_opt_noncallable-protection=default-@replace_by_foo('hello', goo)]" time="0.003" /><testcase classname="tests.test_main2" name="test_all[hard_1_m_0_opt_noncallable-protection=default-@replace_by_foo(goo, DEFAULT_DUMMY_VALUE)]" time="0.004" /><testcase classname="tests.test_main2" name="test_all[hard_1_m_0_opt_noncallable-protection=default-@replace_by_foo(DEFAULT_DUMMY_VALUE, goo)]" time="0.004" /><testcase classname="tests.test_main2" name="test_all[hard_1_m_0_opt_noncallable-protection=introspection-@replace_by_foo]" time="0.004" /><testcase classname="tests.test_main2" name="test_all[hard_1_m_0_opt_noncallable-protection=introspection-@replace_by_foo()]" time="0.004" /><testcase classname="tests.test_main2" name="test_all[hard_1_m_0_opt_noncallable-protection=introspection-@replace_by_foo(goo)]" time="0.006" /><testcase classname="tests.test_main2" name="test_all[hard_1_m_0_opt_noncallable-protection=introspection-@replace_by_foo('hello')]" time="0.003" /><testcase classname="tests.test_main2" name="test_all[hard_1_m_0_opt_noncallable-protection=introspection-@replace_by_foo(DEFAULT_DUMMY_VALUE)]" time="0.004" /><testcase classname="tests.test_main2" name="test_all[hard_1_m_0_opt_noncallable-protection=introspection-@replace_by_foo(replacement=goo)]" time="0.004"><skipped message="decorator impl does not have a 'replacement' arg" type="pytest.skip">/home/runner/work/python-decopatch/python-decopatch/tests/test_main2.py:437: decorator impl does not have a 'replacement' arg</skipped></testcase><testcase classname="tests.test_main2" name="test_all[hard_1_m_0_opt_noncallable-protection=introspection-@replace_by_foo(dummy='hello')]" time="0.004" /><testcase classname="tests.test_main2" name="test_all[hard_1_m_0_opt_noncallable-protection=introspection-@replace_by_foo(dummy=DEFAULT_DUMMY_VALUE)]" time="0.003" /><testcase classname="tests.test_main2" name="test_all[hard_1_m_0_opt_noncallable-protection=introspection-@replace_by_foo(goo, 'hello')]" time="0.004" /><testcase classname="tests.test_main2" name="test_all[hard_1_m_0_opt_noncallable-protection=introspection-@replace_by_foo('hello', goo)]" time="0.003" /><testcase classname="tests.test_main2" name="test_all[hard_1_m_0_opt_noncallable-protection=introspection-@replace_by_foo(goo, DEFAULT_DUMMY_VALUE)]" time="0.003" /><testcase classname="tests.test_main2" name="test_all[hard_1_m_0_opt_noncallable-protection=introspection-@replace_by_foo(DEFAULT_DUMMY_VALUE, goo)]" time="0.004" /><testcase classname="tests.test_main2" name="test_all[hard_1_m_0_opt_callable-protection=protected(default)-kw_only=False-@replace_by_foo]" time="0.003" /><testcase classname="tests.test_main2" name="test_all[hard_1_m_0_opt_callable-protection=protected(default)-kw_only=False-@replace_by_foo()]" time="0.004" /><testcase classname="tests.test_main2" name="test_all[hard_1_m_0_opt_callable-protection=protected(default)-kw_only=False-@replace_by_foo(goo)]" time="0.003" /><testcase classname="tests.test_main2" name="test_all[hard_1_m_0_opt_callable-protection=protected(default)-kw_only=False-@replace_by_foo('hello')]" time="0.003"><skipped message="This decorator does not access a noncallable positional arg" type="pytest.skip">/home/runner/work/python-decopatch/python-decopatch/tests/test_main2.py:437: This decorator does not access a noncallable positional arg</skipped></testcase><testcase classname="tests.test_main2" name="test_all[hard_1_m_0_opt_callable-protection=protected(default)-kw_only=False-@replace_by_foo(DEFAULT_DUMMY_VALUE)]" time="0.003"><skipped message="This decorator does not access a noncallable positional arg" type="pytest.skip">/home/runner/work/python-decopatch/python-decopatch/tests/test_main2.py:437: This decorator does not access a noncallable positional arg</skipped></testcase><testcase classname="tests.test_main2" name="test_all[hard_1_m_0_opt_callable-protection=protected(default)-kw_only=False-@replace_by_foo(replacement=goo)]" time="0.003" /><testcase classname="tests.test_main2" name="test_all[hard_1_m_0_opt_callable-protection=protected(default)-kw_only=False-@replace_by_foo(dummy='hello')]" time="0.004"><skipped message="decorator impl does not have a 'dummy' arg" type="pytest.skip">/home/runner/work/python-decopatch/python-decopatch/tests/test_main2.py:437: decorator impl does not have a 'dummy' arg</skipped></testcase><testcase classname="tests.test_main2" name="test_all[hard_1_m_0_opt_callable-protection=protected(default)-kw_only=False-@replace_by_foo(dummy=DEFAULT_DUMMY_VALUE)]" time="0.003"><skipped message="decorator impl does not have a 'dummy' arg" type="pytest.skip">/home/runner/work/python-decopatch/python-decopatch/tests/test_main2.py:437: decorator impl does not have a 'dummy' arg</skipped></testcase><testcase classname="tests.test_main2" name="test_all[hard_1_m_0_opt_callable-protection=protected(default)-kw_only=False-@replace_by_foo(goo, 'hello')]" time="0.004" /><testcase classname="tests.test_main2" name="test_all[hard_1_m_0_opt_callable-protection=protected(default)-kw_only=False-@replace_by_foo('hello', goo)]" time="0.003" /><testcase classname="tests.test_main2" name="test_all[hard_1_m_0_opt_callable-protection=protected(default)-kw_only=False-@replace_by_foo(goo, DEFAULT_DUMMY_VALUE)]" time="0.004" /><testcase classname="tests.test_main2" name="test_all[hard_1_m_0_opt_callable-protection=protected(default)-kw_only=False-@replace_by_foo(DEFAULT_DUMMY_VALUE, goo)]" time="0.003" /><testcase classname="tests.test_main2" name="test_all[hard_1_m_0_opt_callable-protection=protected(default)-kw_only=True-@replace_by_foo]" time="0.004" /><testcase classname="tests.test_main2" name="test_all[hard_1_m_0_opt_callable-protection=protected(default)-kw_only=True-@replace_by_foo()]" time="0.004" /><testcase classname="tests.test_main2" name="test_all[hard_1_m_0_opt_callable-protection=protected(default)-kw_only=True-@replace_by_foo(goo)]" time="0.004" /><testcase classname="tests.test_main2" name="test_all[hard_1_m_0_opt_callable-protection=protected(default)-kw_only=True-@replace_by_foo('hello')]" time="0.003"><skipped message="This decorator does not access a noncallable positional arg" type="pytest.skip">/home/runner/work/python-decopatch/python-decopatch/tests/test_main2.py:437: This decorator does not access a noncallable positional arg</skipped></testcase><testcase classname="tests.test_main2" name="test_all[hard_1_m_0_opt_callable-protection=protected(default)-kw_only=True-@replace_by_foo(DEFAULT_DUMMY_VALUE)]" time="0.003"><skipped message="This decorator does not access a noncallable positional arg" type="pytest.skip">/home/runner/work/python-decopatch/python-decopatch/tests/test_main2.py:437: This decorator does not access a noncallable positional arg</skipped></testcase><testcase classname="tests.test_main2" name="test_all[hard_1_m_0_opt_callable-protection=protected(default)-kw_only=True-@replace_by_foo(replacement=goo)]" time="0.004" /><testcase classname="tests.test_main2" name="test_all[hard_1_m_0_opt_callable-protection=protected(default)-kw_only=True-@replace_by_foo(dummy='hello')]" time="0.003"><skipped message="decorator impl does not have a 'dummy' arg" type="pytest.skip">/home/runner/work/python-decopatch/python-decopatch/tests/test_main2.py:437: decorator impl does not have a 'dummy' arg</skipped></testcase><testcase classname="tests.test_main2" name="test_all[hard_1_m_0_opt_callable-protection=protected(default)-kw_only=True-@replace_by_foo(dummy=DEFAULT_DUMMY_VALUE)]" time="0.004"><skipped message="decorator impl does not have a 'dummy' arg" type="pytest.skip">/home/runner/work/python-decopatch/python-decopatch/tests/test_main2.py:437: decorator impl does not have a 'dummy' arg</skipped></testcase><testcase classname="tests.test_main2" name="test_all[hard_1_m_0_opt_callable-protection=protected(default)-kw_only=True-@replace_by_foo(goo, 'hello')]" time="0.003" /><testcase classname="tests.test_main2" name="test_all[hard_1_m_0_opt_callable-protection=protected(default)-kw_only=True-@replace_by_foo('hello', goo)]" time="0.004" /><testcase classname="tests.test_main2" name="test_all[hard_1_m_0_opt_callable-protection=protected(default)-kw_only=True-@replace_by_foo(goo, DEFAULT_DUMMY_VALUE)]" time="0.004" /><testcase classname="tests.test_main2" name="test_all[hard_1_m_0_opt_callable-protection=protected(default)-kw_only=True-@replace_by_foo(DEFAULT_DUMMY_VALUE, goo)]" time="0.004" /><testcase classname="tests.test_main2" name="test_all[hard_1_m_0_opt_callable-protection=protected(explicit)-kw_only=False-@replace_by_foo]" time="0.004" /><testcase classname="tests.test_main2" name="test_all[hard_1_m_0_opt_callable-protection=protected(explicit)-kw_only=False-@replace_by_foo()]" time="0.004" /><testcase classname="tests.test_main2" name="test_all[hard_1_m_0_opt_callable-protection=protected(explicit)-kw_only=False-@replace_by_foo(goo)]" time="0.003" /><testcase classname="tests.test_main2" name="test_all[hard_1_m_0_opt_callable-protection=protected(explicit)-kw_only=False-@replace_by_foo('hello')]" time="0.003"><skipped message="This decorator does not access a noncallable positional arg" type="pytest.skip">/home/runner/work/python-decopatch/python-decopatch/tests/test_main2.py:437: This decorator does not access a noncallable positional arg</skipped></testcase><testcase classname="tests.test_main2" name="test_all[hard_1_m_0_opt_callable-protection=protected(explicit)-kw_only=False-@replace_by_foo(DEFAULT_DUMMY_VALUE)]" time="0.003"><skipped message="This decorator does not access a noncallable positional arg" type="pytest.skip">/home/runner/work/python-decopatch/python-decopatch/tests/test_main2.py:437: This decorator does not access a noncallable positional arg</skipped></testcase><testcase classname="tests.test_main2" name="test_all[hard_1_m_0_opt_callable-protection=protected(explicit)-kw_only=False-@replace_by_foo(replacement=goo)]" time="0.003" /><testcase classname="tests.test_main2" name="test_all[hard_1_m_0_opt_callable-protection=protected(explicit)-kw_only=False-@replace_by_foo(dummy='hello')]" time="0.004"><skipped message="decorator impl does not have a 'dummy' arg" type="pytest.skip">/home/runner/work/python-decopatch/python-decopatch/tests/test_main2.py:437: decorator impl does not have a 'dummy' arg</skipped></testcase><testcase classname="tests.test_main2" name="test_all[hard_1_m_0_opt_callable-protection=protected(explicit)-kw_only=False-@replace_by_foo(dummy=DEFAULT_DUMMY_VALUE)]" time="0.003"><skipped message="decorator impl does not have a 'dummy' arg" type="pytest.skip">/home/runner/work/python-decopatch/python-decopatch/tests/test_main2.py:437: decorator impl does not have a 'dummy' arg</skipped></testcase><testcase classname="tests.test_main2" name="test_all[hard_1_m_0_opt_callable-protection=protected(explicit)-kw_only=False-@replace_by_foo(goo, 'hello')]" time="0.004" /><testcase classname="tests.test_main2" name="test_all[hard_1_m_0_opt_callable-protection=protected(explicit)-kw_only=False-@replace_by_foo('hello', goo)]" time="0.003" /><testcase classname="tests.test_main2" name="test_all[hard_1_m_0_opt_callable-protection=protected(explicit)-kw_only=False-@replace_by_foo(goo, DEFAULT_DUMMY_VALUE)]" time="0.004" /><testcase classname="tests.test_main2" name="test_all[hard_1_m_0_opt_callable-protection=protected(explicit)-kw_only=False-@replace_by_foo(DEFAULT_DUMMY_VALUE, goo)]" time="0.004" /><testcase classname="tests.test_main2" name="test_all[hard_1_m_0_opt_callable-protection=protected(explicit)-kw_only=True-@replace_by_foo]" time="0.005" /><testcase classname="tests.test_main2" name="test_all[hard_1_m_0_opt_callable-protection=protected(explicit)-kw_only=True-@replace_by_foo()]" time="0.004" /><testcase classname="tests.test_main2" name="test_all[hard_1_m_0_opt_callable-protection=protected(explicit)-kw_only=True-@replace_by_foo(goo)]" time="0.003" /><testcase classname="tests.test_main2" name="test_all[hard_1_m_0_opt_callable-protection=protected(explicit)-kw_only=True-@replace_by_foo('hello')]" time="0.004"><skipped message="This decorator does not access a noncallable positional arg" type="pytest.skip">/home/runner/work/python-decopatch/python-decopatch/tests/test_main2.py:437: This decorator does not access a noncallable positional arg</skipped></testcase><testcase classname="tests.test_main2" name="test_all[hard_1_m_0_opt_callable-protection=protected(explicit)-kw_only=True-@replace_by_foo(DEFAULT_DUMMY_VALUE)]" time="0.003"><skipped message="This decorator does not access a noncallable positional arg" type="pytest.skip">/home/runner/work/python-decopatch/python-decopatch/tests/test_main2.py:437: This decorator does not access a noncallable positional arg</skipped></testcase><testcase classname="tests.test_main2" name="test_all[hard_1_m_0_opt_callable-protection=protected(explicit)-kw_only=True-@replace_by_foo(replacement=goo)]" time="0.004" /><testcase classname="tests.test_main2" name="test_all[hard_1_m_0_opt_callable-protection=protected(explicit)-kw_only=True-@replace_by_foo(dummy='hello')]" time="0.003"><skipped message="decorator impl does not have a 'dummy' arg" type="pytest.skip">/home/runner/work/python-decopatch/python-decopatch/tests/test_main2.py:437: decorator impl does not have a 'dummy' arg</skipped></testcase><testcase classname="tests.test_main2" name="test_all[hard_1_m_0_opt_callable-protection=protected(explicit)-kw_only=True-@replace_by_foo(dummy=DEFAULT_DUMMY_VALUE)]" time="0.004"><skipped message="decorator impl does not have a 'dummy' arg" type="pytest.skip">/home/runner/work/python-decopatch/python-decopatch/tests/test_main2.py:437: decorator impl does not have a 'dummy' arg</skipped></testcase><testcase classname="tests.test_main2" name="test_all[hard_1_m_0_opt_callable-protection=protected(explicit)-kw_only=True-@replace_by_foo(goo, 'hello')]" time="0.003" /><testcase classname="tests.test_main2" name="test_all[hard_1_m_0_opt_callable-protection=protected(explicit)-kw_only=True-@replace_by_foo('hello', goo)]" time="0.004" /><testcase classname="tests.test_main2" name="test_all[hard_1_m_0_opt_callable-protection=protected(explicit)-kw_only=True-@replace_by_foo(goo, DEFAULT_DUMMY_VALUE)]" time="0.003" /><testcase classname="tests.test_main2" name="test_all[hard_1_m_0_opt_callable-protection=protected(explicit)-kw_only=True-@replace_by_foo(DEFAULT_DUMMY_VALUE, goo)]" time="0.004" /><testcase classname="tests.test_main2" name="test_all[easy_2m_args(replacement, dummy)-@replace_by_foo]" time="0.003" /><testcase classname="tests.test_main2" name="test_all[easy_2m_args(replacement, dummy)-@replace_by_foo()]" time="0.004" /><testcase classname="tests.test_main2" name="test_all[easy_2m_args(replacement, dummy)-@replace_by_foo(goo)]" time="0.004" /><testcase classname="tests.test_main2" name="test_all[easy_2m_args(replacement, dummy)-@replace_by_foo('hello')]" time="0.003" /><testcase classname="tests.test_main2" name="test_all[easy_2m_args(replacement, dummy)-@replace_by_foo(DEFAULT_DUMMY_VALUE)]" time="0.003" /><testcase classname="tests.test_main2" name="test_all[easy_2m_args(replacement, dummy)-@replace_by_foo(replacement=goo)]" time="0.004" /><testcase classname="tests.test_main2" name="test_all[easy_2m_args(replacement, dummy)-@replace_by_foo(dummy='hello')]" time="0.004" /><testcase classname="tests.test_main2" name="test_all[easy_2m_args(replacement, dummy)-@replace_by_foo(dummy=DEFAULT_DUMMY_VALUE)]" time="0.004" /><testcase classname="tests.test_main2" name="test_all[easy_2m_args(replacement, dummy)-@replace_by_foo(goo, 'hello')]" time="0.004" /><testcase classname="tests.test_main2" name="test_all[easy_2m_args(replacement, dummy)-@replace_by_foo('hello', goo)]" time="0.003"><skipped message="the order of positional args in the test does not match" type="pytest.skip">/home/runner/work/python-decopatch/python-decopatch/tests/test_main2.py:437: the order of positional args in the test does not match</skipped></testcase><testcase classname="tests.test_main2" name="test_all[easy_2m_args(replacement, dummy)-@replace_by_foo(goo, DEFAULT_DUMMY_VALUE)]" time="0.004" /><testcase classname="tests.test_main2" name="test_all[easy_2m_args(replacement, dummy)-@replace_by_foo(DEFAULT_DUMMY_VALUE, goo)]" time="0.003"><skipped message="the order of positional args in the test does not match" type="pytest.skip">/home/runner/work/python-decopatch/python-decopatch/tests/test_main2.py:437: the order of positional args in the test does not match</skipped></testcase><testcase classname="tests.test_main2" name="test_all[easy_2m_args(dummy, replacement)-@replace_by_foo]" time="0.004" /><testcase classname="tests.test_main2" name="test_all[easy_2m_args(dummy, replacement)-@replace_by_foo()]" time="0.003" /><testcase classname="tests.test_main2" name="test_all[easy_2m_args(dummy, replacement)-@replace_by_foo(goo)]" time="0.004" /><testcase classname="tests.test_main2" name="test_all[easy_2m_args(dummy, replacement)-@replace_by_foo('hello')]" time="0.004" /><testcase classname="tests.test_main2" name="test_all[easy_2m_args(dummy, replacement)-@replace_by_foo(DEFAULT_DUMMY_VALUE)]" time="0.003" /><testcase classname="tests.test_main2" name="test_all[easy_2m_args(dummy, replacement)-@replace_by_foo(replacement=goo)]" time="0.004" /><testcase classname="tests.test_main2" name="test_all[easy_2m_args(dummy, replacement)-@replace_by_foo(dummy='hello')]" time="0.003" /><testcase classname="tests.test_main2" name="test_all[easy_2m_args(dummy, replacement)-@replace_by_foo(dummy=DEFAULT_DUMMY_VALUE)]" time="0.003" /><testcase classname="tests.test_main2" name="test_all[easy_2m_args(dummy, replacement)-@replace_by_foo(goo, 'hello')]" time="0.003"><skipped message="the order of positional args in the test does not match" type="pytest.skip">/home/runner/work/python-decopatch/python-decopatch/tests/test_main2.py:437: the order of positional args in the test does not match</skipped></testcase><testcase classname="tests.test_main2" name="test_all[easy_2m_args(dummy, replacement)-@replace_by_foo('hello', goo)]" time="0.005" /><testcase classname="tests.test_main2" name="test_all[easy_2m_args(dummy, replacement)-@replace_by_foo(goo, DEFAULT_DUMMY_VALUE)]" time="0.004"><skipped message="the order of positional args in the test does not match" type="pytest.skip">/home/runner/work/python-decopatch/python-decopatch/tests/test_main2.py:437: the order of positional args in the test does not match</skipped></testcase><testcase classname="tests.test_main2" name="test_all[easy_2m_args(dummy, replacement)-@replace_by_foo(DEFAULT_DUMMY_VALUE, goo)]" time="0.004" /><testcase classname="tests.test_main2" name="test_all[easy_2m_args(dummy, dummy2)-@replace_by_foo]" time="0.003" /><testcase classname="tests.test_main2" name="test_all[easy_2m_args(dummy, dummy2)-@replace_by_foo()]" time="0.004" /><testcase classname="tests.test_main2" name="test_all[easy_2m_args(dummy, dummy2)-@replace_by_foo(goo)]" time="0.004" /><testcase classname="tests.test_main2" name="test_all[easy_2m_args(dummy, dummy2)-@replace_by_foo('hello')]" time="0.004" /><testcase classname="tests.test_main2" name="test_all[easy_2m_args(dummy, dummy2)-@replace_by_foo(DEFAULT_DUMMY_VALUE)]" time="0.004" /><testcase classname="tests.test_main2" name="test_all[easy_2m_args(dummy, dummy2)-@replace_by_foo(replacement=goo)]" time="0.003" /><testcase classname="tests.test_main2" name="test_all[easy_2m_args(dummy, dummy2)-@replace_by_foo(dummy='hello')]" time="0.004" /><testcase classname="tests.test_main2" name="test_all[easy_2m_args(dummy, dummy2)-@replace_by_foo(dummy=DEFAULT_DUMMY_VALUE)]" time="0.003" /><testcase classname="tests.test_main2" name="test_all[easy_2m_args(dummy, dummy2)-@replace_by_foo(goo, 'hello')]" time="0.003" /><testcase classname="tests.test_main2" name="test_all[easy_2m_args(dummy, dummy2)-@replace_by_foo('hello', goo)]" time="0.003" /><testcase classname="tests.test_main2" name="test_all[easy_2m_args(dummy, dummy2)-@replace_by_foo(goo, DEFAULT_DUMMY_VALUE)]" time="0.003" /><testcase classname="tests.test_main2" name="test_all[easy_2m_args(dummy, dummy2)-@replace_by_foo(DEFAULT_DUMMY_VALUE, goo)]" time="0.004" /><testcase classname="tests.test_main2" name="test_all[hard_0_m_2_opt_callable_last-protection=default-@replace_by_foo]" time="0.003" /><testcase classname="tests.test_main2" name="test_all[hard_0_m_2_opt_callable_last-protection=default-@replace_by_foo()]" time="0.004" /><testcase classname="tests.test_main2" name="test_all[hard_0_m_2_opt_callable_last-protection=default-@replace_by_foo(goo)]" time="0.003"><skipped message="the first positional arg is supposed not to be the callable here" type="pytest.skip">/home/runner/work/python-decopatch/python-decopatch/tests/test_main2.py:437: the first positional arg is supposed not to be the callable here</skipped></testcase><testcase classname="tests.test_main2" name="test_all[hard_0_m_2_opt_callable_last-protection=default-@replace_by_foo('hello')]" time="0.004" /><testcase classname="tests.test_main2" name="test_all[hard_0_m_2_opt_callable_last-protection=default-@replace_by_foo(DEFAULT_DUMMY_VALUE)]" time="0.003" /><testcase classname="tests.test_main2" name="test_all[hard_0_m_2_opt_callable_last-protection=default-@replace_by_foo(replacement=goo)]" time="0.003" /><testcase classname="tests.test_main2" name="test_all[hard_0_m_2_opt_callable_last-protection=default-@replace_by_foo(dummy='hello')]" time="0.003" /><testcase classname="tests.test_main2" name="test_all[hard_0_m_2_opt_callable_last-protection=default-@replace_by_foo(dummy=DEFAULT_DUMMY_VALUE)]" time="0.003" /><testcase classname="tests.test_main2" name="test_all[hard_0_m_2_opt_callable_last-protection=default-@replace_by_foo(goo, 'hello')]" time="0.004"><skipped message="the order of positional args in the test does not match" type="pytest.skip">/home/runner/work/python-decopatch/python-decopatch/tests/test_main2.py:437: the order of positional args in the test does not match</skipped></testcase><testcase classname="tests.test_main2" name="test_all[hard_0_m_2_opt_callable_last-protection=default-@replace_by_foo('hello', goo)]" time="0.003" /><testcase classname="tests.test_main2" name="test_all[hard_0_m_2_opt_callable_last-protection=default-@replace_by_foo(goo, DEFAULT_DUMMY_VALUE)]" time="0.004"><skipped message="the order of positional args in the test does not match" type="pytest.skip">/home/runner/work/python-decopatch/python-decopatch/tests/test_main2.py:437: the order of positional args in the test does not match</skipped></testcase><testcase classname="tests.test_main2" name="test_all[hard_0_m_2_opt_callable_last-protection=default-@replace_by_foo(DEFAULT_DUMMY_VALUE, goo)]" time="0.004" /><testcase classname="tests.test_main2" name="test_all[hard_0_m_2_opt_callable_last-protection=introspection-@replace_by_foo]" time="0.004" /><testcase classname="tests.test_main2" name="test_all[hard_0_m_2_opt_callable_last-protection=introspection-@replace_by_foo()]" time="0.003" /><testcase classname="tests.test_main2" name="test_all[hard_0_m_2_opt_callable_last-protection=introspection-@replace_by_foo(goo)]" time="0.004"><skipped message="the first positional arg is supposed not to be the callable here" type="pytest.skip">/home/runner/work/python-decopatch/python-decopatch/tests/test_main2.py:437: the first positional arg is supposed not to be the callable here</skipped></testcase><testcase classname="tests.test_main2" name="test_all[hard_0_m_2_opt_callable_last-protection=introspection-@replace_by_foo('hello')]" time="0.004" /><testcase classname="tests.test_main2" name="test_all[hard_0_m_2_opt_callable_last-protection=introspection-@replace_by_foo(DEFAULT_DUMMY_VALUE)]" time="0.004" /><testcase classname="tests.test_main2" name="test_all[hard_0_m_2_opt_callable_last-protection=introspection-@replace_by_foo(replacement=goo)]" time="0.004" /><testcase classname="tests.test_main2" name="test_all[hard_0_m_2_opt_callable_last-protection=introspection-@replace_by_foo(dummy='hello')]" time="0.004" /><testcase classname="tests.test_main2" name="test_all[hard_0_m_2_opt_callable_last-protection=introspection-@replace_by_foo(dummy=DEFAULT_DUMMY_VALUE)]" time="0.005" /><testcase classname="tests.test_main2" name="test_all[hard_0_m_2_opt_callable_last-protection=introspection-@replace_by_foo(goo, 'hello')]" time="0.004"><skipped message="the order of positional args in the test does not match" type="pytest.skip">/home/runner/work/python-decopatch/python-decopatch/tests/test_main2.py:437: the order of positional args in the test does not match</skipped></testcase><testcase classname="tests.test_main2" name="test_all[hard_0_m_2_opt_callable_last-protection=introspection-@replace_by_foo('hello', goo)]" time="0.003" /><testcase classname="tests.test_main2" name="test_all[hard_0_m_2_opt_callable_last-protection=introspection-@replace_by_foo(goo, DEFAULT_DUMMY_VALUE)]" time="0.003"><skipped message="the order of positional args in the test does not match" type="pytest.skip">/home/runner/work/python-decopatch/python-decopatch/tests/test_main2.py:437: the order of positional args in the test does not match</skipped></testcase><testcase classname="tests.test_main2" name="test_all[hard_0_m_2_opt_callable_last-protection=introspection-@replace_by_foo(DEFAULT_DUMMY_VALUE, goo)]" time="0.004" /><testcase classname="tests.test_main2" name="test_all[hard_0_m_2_opt_callable_first-protection=unprotected (default)-@replace_by_foo]" time="0.004" /><testcase classname="tests.test_main2" name="test_all[hard_0_m_2_opt_callable_first-protection=unprotected (default)-@replace_by_foo()]" time="0.004" /><testcase classname="tests.test_main2" name="test_all[hard_0_m_2_opt_callable_first-protection=unprotected (default)-@replace_by_foo(goo)]" time="0.004" /><testcase classname="tests.test_main2" name="test_all[hard_0_m_2_opt_callable_first-protection=unprotected (default)-@replace_by_foo('hello')]" time="0.004"><skipped message="the first positional arg is supposed to be the callable here" type="pytest.skip">/home/runner/work/python-decopatch/python-decopatch/tests/test_main2.py:437: the first positional arg is supposed to be the callable here</skipped></testcase><testcase classname="tests.test_main2" name="test_all[hard_0_m_2_opt_callable_first-protection=unprotected (default)-@replace_by_foo(DEFAULT_DUMMY_VALUE)]" time="0.004"><skipped message="the first positional arg is supposed to be the callable here" type="pytest.skip">/home/runner/work/python-decopatch/python-decopatch/tests/test_main2.py:437: the first positional arg is supposed to be the callable here</skipped></testcase><testcase classname="tests.test_main2" name="test_all[hard_0_m_2_opt_callable_first-protection=unprotected (default)-@replace_by_foo(replacement=goo)]" time="0.004" /><testcase classname="tests.test_main2" name="test_all[hard_0_m_2_opt_callable_first-protection=unprotected (default)-@replace_by_foo(dummy='hello')]" time="0.004" /><testcase classname="tests.test_main2" name="test_all[hard_0_m_2_opt_callable_first-protection=unprotected (default)-@replace_by_foo(dummy=DEFAULT_DUMMY_VALUE)]" time="0.004" /><testcase classname="tests.test_main2" name="test_all[hard_0_m_2_opt_callable_first-protection=unprotected (default)-@replace_by_foo(goo, 'hello')]" time="0.004" /><testcase classname="tests.test_main2" name="test_all[hard_0_m_2_opt_callable_first-protection=unprotected (default)-@replace_by_foo('hello', goo)]" time="0.004"><skipped message="the order of positional args in the test does not match" type="pytest.skip">/home/runner/work/python-decopatch/python-decopatch/tests/test_main2.py:437: the order of positional args in the test does not match</skipped></testcase><testcase classname="tests.test_main2" name="test_all[hard_0_m_2_opt_callable_first-protection=unprotected (default)-@replace_by_foo(goo, DEFAULT_DUMMY_VALUE)]" time="0.004" /><testcase classname="tests.test_main2" name="test_all[hard_0_m_2_opt_callable_first-protection=unprotected (default)-@replace_by_foo(DEFAULT_DUMMY_VALUE, goo)]" time="0.004"><skipped message="the order of positional args in the test does not match" type="pytest.skip">/home/runner/work/python-decopatch/python-decopatch/tests/test_main2.py:437: the order of positional args in the test does not match</skipped></testcase><testcase classname="tests.test_main2" name="test_all[hard_0_m_2_opt_callable_first-protection=introspection-@replace_by_foo]" time="0.003" /><testcase classname="tests.test_main2" name="test_all[hard_0_m_2_opt_callable_first-protection=introspection-@replace_by_foo()]" time="0.003" /><testcase classname="tests.test_main2" name="test_all[hard_0_m_2_opt_callable_first-protection=introspection-@replace_by_foo(goo)]" time="0.003" /><testcase classname="tests.test_main2" name="test_all[hard_0_m_2_opt_callable_first-protection=introspection-@replace_by_foo('hello')]" time="0.005"><skipped message="the first positional arg is supposed to be the callable here" type="pytest.skip">/home/runner/work/python-decopatch/python-decopatch/tests/test_main2.py:437: the first positional arg is supposed to be the callable here</skipped></testcase><testcase classname="tests.test_main2" name="test_all[hard_0_m_2_opt_callable_first-protection=introspection-@replace_by_foo(DEFAULT_DUMMY_VALUE)]" time="0.004"><skipped message="the first positional arg is supposed to be the callable here" type="pytest.skip">/home/runner/work/python-decopatch/python-decopatch/tests/test_main2.py:437: the first positional arg is supposed to be the callable here</skipped></testcase><testcase classname="tests.test_main2" name="test_all[hard_0_m_2_opt_callable_first-protection=introspection-@replace_by_foo(replacement=goo)]" time="0.003" /><testcase classname="tests.test_main2" name="test_all[hard_0_m_2_opt_callable_first-protection=introspection-@replace_by_foo(dummy='hello')]" time="0.003" /><testcase classname="tests.test_main2" name="test_all[hard_0_m_2_opt_callable_first-protection=introspection-@replace_by_foo(dummy=DEFAULT_DUMMY_VALUE)]" time="0.004" /><testcase classname="tests.test_main2" name="test_all[hard_0_m_2_opt_callable_first-protection=introspection-@replace_by_foo(goo, 'hello')]" time="0.004" /><testcase classname="tests.test_main2" name="test_all[hard_0_m_2_opt_callable_first-protection=introspection-@replace_by_foo('hello', goo)]" time="0.004"><skipped message="the order of positional args in the test does not match" type="pytest.skip">/home/runner/work/python-decopatch/python-decopatch/tests/test_main2.py:437: the order of positional args in the test does not match</skipped></testcase><testcase classname="tests.test_main2" name="test_all[hard_0_m_2_opt_callable_first-protection=introspection-@replace_by_foo(goo, DEFAULT_DUMMY_VALUE)]" time="0.004" /><testcase classname="tests.test_main2" name="test_all[hard_0_m_2_opt_callable_first-protection=introspection-@replace_by_foo(DEFAULT_DUMMY_VALUE, goo)]" time="0.004"><skipped message="the order of positional args in the test does not match" type="pytest.skip">/home/runner/work/python-decopatch/python-decopatch/tests/test_main2.py:437: the order of positional args in the test does not match</skipped></testcase><testcase classname="tests.test_main2" name="test_all[hard_0_m_2_opt_callable_first-protection=custom_disambiguator-@replace_by_foo]" time="0.003" /><testcase classname="tests.test_main2" name="test_all[hard_0_m_2_opt_callable_first-protection=custom_disambiguator-@replace_by_foo()]" time="0.004" /><testcase classname="tests.test_main2" name="test_all[hard_0_m_2_opt_callable_first-protection=custom_disambiguator-@replace_by_foo(goo)]" time="0.003" /><testcase classname="tests.test_main2" name="test_all[hard_0_m_2_opt_callable_first-protection=custom_disambiguator-@replace_by_foo('hello')]" time="0.003"><skipped message="the first positional arg is supposed to be the callable here" type="pytest.skip">/home/runner/work/python-decopatch/python-decopatch/tests/test_main2.py:437: the first positional arg is supposed to be the callable here</skipped></testcase><testcase classname="tests.test_main2" name="test_all[hard_0_m_2_opt_callable_first-protection=custom_disambiguator-@replace_by_foo(DEFAULT_DUMMY_VALUE)]" time="0.004"><skipped message="the first positional arg is supposed to be the callable here" type="pytest.skip">/home/runner/work/python-decopatch/python-decopatch/tests/test_main2.py:437: the first positional arg is supposed to be the callable here</skipped></testcase><testcase classname="tests.test_main2" name="test_all[hard_0_m_2_opt_callable_first-protection=custom_disambiguator-@replace_by_foo(replacement=goo)]" time="0.003" /><testcase classname="tests.test_main2" name="test_all[hard_0_m_2_opt_callable_first-protection=custom_disambiguator-@replace_by_foo(dummy='hello')]" time="0.004" /><testcase classname="tests.test_main2" name="test_all[hard_0_m_2_opt_callable_first-protection=custom_disambiguator-@replace_by_foo(dummy=DEFAULT_DUMMY_VALUE)]" time="0.003" /><testcase classname="tests.test_main2" name="test_all[hard_0_m_2_opt_callable_first-protection=custom_disambiguator-@replace_by_foo(goo, 'hello')]" time="0.004" /><testcase classname="tests.test_main2" name="test_all[hard_0_m_2_opt_callable_first-protection=custom_disambiguator-@replace_by_foo('hello', goo)]" time="0.003"><skipped message="the order of positional args in the test does not match" type="pytest.skip">/home/runner/work/python-decopatch/python-decopatch/tests/test_main2.py:437: the order of positional args in the test does not match</skipped></testcase><testcase classname="tests.test_main2" name="test_all[hard_0_m_2_opt_callable_first-protection=custom_disambiguator-@replace_by_foo(goo, DEFAULT_DUMMY_VALUE)]" time="0.004" /><testcase classname="tests.test_main2" name="test_all[hard_0_m_2_opt_callable_first-protection=custom_disambiguator-@replace_by_foo(DEFAULT_DUMMY_VALUE, goo)]" time="0.003"><skipped message="the order of positional args in the test does not match" type="pytest.skip">/home/runner/work/python-decopatch/python-decopatch/tests/test_main2.py:437: the order of positional args in the test does not match</skipped></testcase><testcase classname="tests.test_so" name="test_so_flat" time="0.001" /><testcase classname="tests.test_so" name="test_so_double_flat" time="0.002" /><testcase classname="tests.test_so" name="test_so_wrap[style=flat]" time="0.001" /><testcase classname="tests.test_so" name="test_so_wrap[style=double-flat]" time="0.001" /><testcase classname="tests.test_so" name="test_so_2[mode=flat]" time="0.001" /><testcase classname="tests.test_so" name="test_so_2[mode=double-flat]" time="0.002" /><testcase classname="tests.test_so" name="test_so_3[mode=flat]" time="0.001" /><testcase classname="tests.test_so" name="test_so_3[mode=double-flat]" time="0.001" /><testcase classname="tests.test_so" name="test_so_4[mode=None]" time="0.002" /><testcase classname="tests.test_so" name="test_so_4[mode=flat]" time="0.002" /><testcase classname="tests.test_so" name="test_so_5[mode=no-deco]" time="0.001" /><testcase classname="tests.test_so" name="test_so_5[mode=None]" time="0.002" /><testcase classname="tests.test_so" name="test_so_5[mode=flat]" time="0.002" /><testcase classname="tests.test_so" name="test_so_6" time="0.002" /><testcase classname="tests.pyright.test_file" name="test_invalid_parameter" time="0.001" /><testcase classname="tests.pyright.test_file" name="test_normal_decorator" time="0.001" /><testcase classname="tests.pyright.test_file" name="test_function_decorator_with_params" time="0.001" /><testcase classname="tests.pyright.test_typing" name="test_typing" time="10.483" /></testsuite></testsuites>